{"/Users/joelpratt/Downloads/express-biztime/app.js": {"path":"/Users/joelpratt/Downloads/express-biztime/app.js","statementMap":{"0":{"start":{"line":3,"column":16},"end":{"line":3,"column":34}},"1":{"start":{"line":5,"column":12},"end":{"line":5,"column":21}},"2":{"start":{"line":6,"column":21},"end":{"line":6,"column":46}},"3":{"start":{"line":8,"column":0},"end":{"line":8,"column":24}},"4":{"start":{"line":10,"column":16},"end":{"line":10,"column":45}},"5":{"start":{"line":11,"column":0},"end":{"line":11,"column":31}},"6":{"start":{"line":13,"column":16},"end":{"line":13,"column":44}},"7":{"start":{"line":14,"column":0},"end":{"line":14,"column":30}},"8":{"start":{"line":18,"column":0},"end":{"line":21,"column":3}},"9":{"start":{"line":19,"column":16},"end":{"line":19,"column":50}},"10":{"start":{"line":20,"column":4},"end":{"line":20,"column":21}},"11":{"start":{"line":25,"column":0},"end":{"line":31,"column":3}},"12":{"start":{"line":26,"column":4},"end":{"line":26,"column":34}},"13":{"start":{"line":28,"column":4},"end":{"line":30,"column":7}},"14":{"start":{"line":33,"column":0},"end":{"line":33,"column":21}}},"fnMap":{"0":{"name":"(anonymous_0)","decl":{"start":{"line":18,"column":8},"end":{"line":18,"column":9}},"loc":{"start":{"line":18,"column":34},"end":{"line":21,"column":1}},"line":18},"1":{"name":"(anonymous_1)","decl":{"start":{"line":25,"column":8},"end":{"line":25,"column":9}},"loc":{"start":{"line":25,"column":33},"end":{"line":31,"column":1}},"line":25}},"branchMap":{"0":{"loc":{"start":{"line":26,"column":15},"end":{"line":26,"column":32}},"type":"binary-expr","locations":[{"start":{"line":26,"column":15},"end":{"line":26,"column":25}},{"start":{"line":26,"column":29},"end":{"line":26,"column":32}}],"line":26}},"s":{"0":2,"1":2,"2":2,"3":2,"4":2,"5":2,"6":2,"7":2,"8":2,"9":1,"10":1,"11":2,"12":5,"13":5,"14":2},"f":{"0":1,"1":5},"b":{"0":[5,0]},"_coverageSchema":"1a1c01bbd47fc00a2c39e90264f33305004495a9","hash":"56dd56ecbec02cf988046708b0db1e37f1238cc5"}
,"/Users/joelpratt/Downloads/express-biztime/db.js": {"path":"/Users/joelpratt/Downloads/express-biztime/db.js","statementMap":{"0":{"start":{"line":3,"column":19},"end":{"line":3,"column":32}},"1":{"start":{"line":7,"column":0},"end":{"line":11,"column":1}},"2":{"start":{"line":8,"column":4},"end":{"line":8,"column":42}},"3":{"start":{"line":10,"column":4},"end":{"line":10,"column":37}},"4":{"start":{"line":13,"column":9},"end":{"line":15,"column":2}},"5":{"start":{"line":17,"column":0},"end":{"line":17,"column":13}},"6":{"start":{"line":19,"column":0},"end":{"line":19,"column":20}}},"fnMap":{},"branchMap":{"0":{"loc":{"start":{"line":7,"column":0},"end":{"line":11,"column":1}},"type":"if","locations":[{"start":{"line":7,"column":0},"end":{"line":11,"column":1}},{"start":{"line":9,"column":7},"end":{"line":11,"column":1}}],"line":7}},"s":{"0":2,"1":2,"2":2,"3":0,"4":2,"5":2,"6":2},"f":{},"b":{"0":[2,0]},"_coverageSchema":"1a1c01bbd47fc00a2c39e90264f33305004495a9","hash":"a2d1b5299abc4fa7a87b15e6536282d587648666"}
,"/Users/joelpratt/Downloads/express-biztime/expressError.js": {"path":"/Users/joelpratt/Downloads/express-biztime/expressError.js","statementMap":{"0":{"start":{"line":9,"column":4},"end":{"line":9,"column":12}},"1":{"start":{"line":10,"column":4},"end":{"line":10,"column":27}},"2":{"start":{"line":11,"column":4},"end":{"line":11,"column":25}},"3":{"start":{"line":12,"column":4},"end":{"line":12,"column":30}},"4":{"start":{"line":17,"column":0},"end":{"line":17,"column":30}}},"fnMap":{"0":{"name":"(anonymous_0)","decl":{"start":{"line":8,"column":2},"end":{"line":8,"column":3}},"loc":{"start":{"line":8,"column":31},"end":{"line":13,"column":3}},"line":8}},"branchMap":{},"s":{"0":5,"1":5,"2":5,"3":5,"4":2},"f":{"0":5},"b":{},"_coverageSchema":"1a1c01bbd47fc00a2c39e90264f33305004495a9","hash":"382ee93574042334c00e0c57e03bbf45694f625f"}
,"/Users/joelpratt/Downloads/express-biztime/routes/companies.js": {"path":"/Users/joelpratt/Downloads/express-biztime/routes/companies.js","statementMap":{"0":{"start":{"line":1,"column":11},"end":{"line":1,"column":27}},"1":{"start":{"line":2,"column":21},"end":{"line":2,"column":47}},"2":{"start":{"line":3,"column":16},"end":{"line":3,"column":34}},"3":{"start":{"line":4,"column":15},"end":{"line":4,"column":31}},"4":{"start":{"line":5,"column":16},"end":{"line":5,"column":34}},"5":{"start":{"line":7,"column":0},"end":{"line":17,"column":3}},"6":{"start":{"line":8,"column":4},"end":{"line":16,"column":5}},"7":{"start":{"line":9,"column":24},"end":{"line":11,"column":9}},"8":{"start":{"line":13,"column":8},"end":{"line":13,"column":53}},"9":{"start":{"line":15,"column":8},"end":{"line":15,"column":25}},"10":{"start":{"line":19,"column":0},"end":{"line":47,"column":3}},"11":{"start":{"line":20,"column":4},"end":{"line":46,"column":5}},"12":{"start":{"line":21,"column":25},"end":{"line":21,"column":35}},"13":{"start":{"line":23,"column":23},"end":{"line":26,"column":9}},"14":{"start":{"line":28,"column":8},"end":{"line":33,"column":9}},"15":{"start":{"line":29,"column":12},"end":{"line":32,"column":14}},"16":{"start":{"line":35,"column":24},"end":{"line":38,"column":9}},"17":{"start":{"line":40,"column":24},"end":{"line":40,"column":38}},"18":{"start":{"line":41,"column":8},"end":{"line":41,"column":40}},"19":{"start":{"line":43,"column":8},"end":{"line":43,"column":46}},"20":{"start":{"line":45,"column":8},"end":{"line":45,"column":25}},"21":{"start":{"line":49,"column":0},"end":{"line":73,"column":3}},"22":{"start":{"line":50,"column":4},"end":{"line":72,"column":5}},"23":{"start":{"line":51,"column":38},"end":{"line":51,"column":46}},"24":{"start":{"line":52,"column":21},"end":{"line":56,"column":10}},"25":{"start":{"line":58,"column":23},"end":{"line":63,"column":9}},"26":{"start":{"line":65,"column":8},"end":{"line":67,"column":9}},"27":{"start":{"line":66,"column":12},"end":{"line":66,"column":57}},"28":{"start":{"line":69,"column":8},"end":{"line":69,"column":65}},"29":{"start":{"line":71,"column":8},"end":{"line":71,"column":25}},"30":{"start":{"line":75,"column":0},"end":{"line":98,"column":3}},"31":{"start":{"line":76,"column":4},"end":{"line":97,"column":5}},"32":{"start":{"line":77,"column":25},"end":{"line":77,"column":35}},"33":{"start":{"line":78,"column":38},"end":{"line":78,"column":46}},"34":{"start":{"line":80,"column":23},"end":{"line":85,"column":9}},"35":{"start":{"line":87,"column":8},"end":{"line":92,"column":9}},"36":{"start":{"line":88,"column":12},"end":{"line":91,"column":14}},"37":{"start":{"line":94,"column":8},"end":{"line":94,"column":53}},"38":{"start":{"line":96,"column":8},"end":{"line":96,"column":25}},"39":{"start":{"line":100,"column":0},"end":{"line":110,"column":3}},"40":{"start":{"line":101,"column":4},"end":{"line":109,"column":5}},"41":{"start":{"line":102,"column":23},"end":{"line":104,"column":10}},"42":{"start":{"line":106,"column":8},"end":{"line":106,"column":48}},"43":{"start":{"line":108,"column":8},"end":{"line":108,"column":25}},"44":{"start":{"line":112,"column":0},"end":{"line":112,"column":24}}},"fnMap":{"0":{"name":"(anonymous_0)","decl":{"start":{"line":7,"column":16},"end":{"line":7,"column":17}},"loc":{"start":{"line":7,"column":48},"end":{"line":17,"column":1}},"line":7},"1":{"name":"(anonymous_1)","decl":{"start":{"line":19,"column":21},"end":{"line":19,"column":22}},"loc":{"start":{"line":19,"column":53},"end":{"line":47,"column":1}},"line":19},"2":{"name":"(anonymous_2)","decl":{"start":{"line":49,"column":17},"end":{"line":49,"column":18}},"loc":{"start":{"line":49,"column":49},"end":{"line":73,"column":1}},"line":49},"3":{"name":"(anonymous_3)","decl":{"start":{"line":75,"column":21},"end":{"line":75,"column":22}},"loc":{"start":{"line":75,"column":53},"end":{"line":98,"column":1}},"line":75},"4":{"name":"(anonymous_4)","decl":{"start":{"line":100,"column":24},"end":{"line":100,"column":25}},"loc":{"start":{"line":100,"column":56},"end":{"line":110,"column":1}},"line":100}},"branchMap":{"0":{"loc":{"start":{"line":28,"column":8},"end":{"line":33,"column":9}},"type":"if","locations":[{"start":{"line":28,"column":8},"end":{"line":33,"column":9}},{"start":{},"end":{}}],"line":28},"1":{"loc":{"start":{"line":65,"column":8},"end":{"line":67,"column":9}},"type":"if","locations":[{"start":{"line":65,"column":8},"end":{"line":67,"column":9}},{"start":{},"end":{}}],"line":65},"2":{"loc":{"start":{"line":87,"column":8},"end":{"line":92,"column":9}},"type":"if","locations":[{"start":{"line":87,"column":8},"end":{"line":92,"column":9}},{"start":{},"end":{}}],"line":87}},"s":{"0":2,"1":2,"2":2,"3":2,"4":2,"5":2,"6":1,"7":1,"8":1,"9":0,"10":2,"11":2,"12":2,"13":2,"14":2,"15":1,"16":1,"17":1,"18":1,"19":1,"20":1,"21":2,"22":1,"23":1,"24":1,"25":1,"26":1,"27":0,"28":1,"29":0,"30":2,"31":2,"32":2,"33":2,"34":2,"35":2,"36":1,"37":1,"38":1,"39":2,"40":1,"41":1,"42":1,"43":0,"44":2},"f":{"0":1,"1":2,"2":1,"3":2,"4":1},"b":{"0":[1,1],"1":[0,1],"2":[1,1]},"_coverageSchema":"1a1c01bbd47fc00a2c39e90264f33305004495a9","hash":"a3c639e598baf668f934f139982e01da79289cbe"}
,"/Users/joelpratt/Downloads/express-biztime/routes/invoices.js": {"path":"/Users/joelpratt/Downloads/express-biztime/routes/invoices.js","statementMap":{"0":{"start":{"line":1,"column":11},"end":{"line":1,"column":27}},"1":{"start":{"line":2,"column":21},"end":{"line":2,"column":47}},"2":{"start":{"line":3,"column":16},"end":{"line":3,"column":34}},"3":{"start":{"line":4,"column":15},"end":{"line":4,"column":31}},"4":{"start":{"line":6,"column":0},"end":{"line":14,"column":3}},"5":{"start":{"line":7,"column":4},"end":{"line":13,"column":5}},"6":{"start":{"line":8,"column":24},"end":{"line":8,"column":76}},"7":{"start":{"line":10,"column":8},"end":{"line":10,"column":52}},"8":{"start":{"line":12,"column":8},"end":{"line":12,"column":25}},"9":{"start":{"line":16,"column":0},"end":{"line":32,"column":3}},"10":{"start":{"line":17,"column":4},"end":{"line":31,"column":5}},"11":{"start":{"line":18,"column":23},"end":{"line":18,"column":33}},"12":{"start":{"line":20,"column":23},"end":{"line":22,"column":10}},"13":{"start":{"line":24,"column":8},"end":{"line":26,"column":9}},"14":{"start":{"line":25,"column":12},"end":{"line":25,"column":79}},"15":{"start":{"line":28,"column":8},"end":{"line":28,"column":53}},"16":{"start":{"line":30,"column":8},"end":{"line":30,"column":25}},"17":{"start":{"line":34,"column":0},"end":{"line":52,"column":3}},"18":{"start":{"line":35,"column":4},"end":{"line":51,"column":5}},"19":{"start":{"line":36,"column":52},"end":{"line":36,"column":60}},"20":{"start":{"line":38,"column":23},"end":{"line":42,"column":9}},"21":{"start":{"line":44,"column":8},"end":{"line":46,"column":9}},"22":{"start":{"line":45,"column":12},"end":{"line":45,"column":57}},"23":{"start":{"line":48,"column":8},"end":{"line":48,"column":65}},"24":{"start":{"line":50,"column":8},"end":{"line":50,"column":25}},"25":{"start":{"line":54,"column":0},"end":{"line":93,"column":3}},"26":{"start":{"line":55,"column":4},"end":{"line":92,"column":5}},"27":{"start":{"line":56,"column":23},"end":{"line":56,"column":33}},"28":{"start":{"line":57,"column":30},"end":{"line":57,"column":38}},"29":{"start":{"line":60,"column":8},"end":{"line":71,"column":9}},"30":{"start":{"line":61,"column":23},"end":{"line":61,"column":33}},"31":{"start":{"line":63,"column":22},"end":{"line":63,"column":36}},"32":{"start":{"line":64,"column":24},"end":{"line":64,"column":43}},"33":{"start":{"line":65,"column":23},"end":{"line":65,"column":41}},"34":{"start":{"line":67,"column":30},"end":{"line":67,"column":55}},"35":{"start":{"line":68,"column":12},"end":{"line":68,"column":35}},"36":{"start":{"line":69,"column":15},"end":{"line":71,"column":9}},"37":{"start":{"line":70,"column":12},"end":{"line":70,"column":28}},"38":{"start":{"line":73,"column":23},"end":{"line":78,"column":9}},"39":{"start":{"line":80,"column":8},"end":{"line":80,"column":33}},"40":{"start":{"line":82,"column":8},"end":{"line":87,"column":9}},"41":{"start":{"line":83,"column":12},"end":{"line":86,"column":14}},"42":{"start":{"line":89,"column":8},"end":{"line":89,"column":53}},"43":{"start":{"line":91,"column":8},"end":{"line":91,"column":25}},"44":{"start":{"line":95,"column":0},"end":{"line":105,"column":3}},"45":{"start":{"line":96,"column":4},"end":{"line":104,"column":5}},"46":{"start":{"line":97,"column":23},"end":{"line":99,"column":10}},"47":{"start":{"line":101,"column":8},"end":{"line":101,"column":48}},"48":{"start":{"line":103,"column":8},"end":{"line":103,"column":25}},"49":{"start":{"line":107,"column":0},"end":{"line":107,"column":24}}},"fnMap":{"0":{"name":"(anonymous_0)","decl":{"start":{"line":6,"column":16},"end":{"line":6,"column":17}},"loc":{"start":{"line":6,"column":48},"end":{"line":14,"column":1}},"line":6},"1":{"name":"(anonymous_1)","decl":{"start":{"line":16,"column":19},"end":{"line":16,"column":20}},"loc":{"start":{"line":16,"column":51},"end":{"line":32,"column":1}},"line":16},"2":{"name":"(anonymous_2)","decl":{"start":{"line":34,"column":17},"end":{"line":34,"column":18}},"loc":{"start":{"line":34,"column":49},"end":{"line":52,"column":1}},"line":34},"3":{"name":"(anonymous_3)","decl":{"start":{"line":54,"column":19},"end":{"line":54,"column":20}},"loc":{"start":{"line":54,"column":51},"end":{"line":93,"column":1}},"line":54},"4":{"name":"(anonymous_4)","decl":{"start":{"line":95,"column":22},"end":{"line":95,"column":23}},"loc":{"start":{"line":95,"column":54},"end":{"line":105,"column":1}},"line":95}},"branchMap":{"0":{"loc":{"start":{"line":24,"column":8},"end":{"line":26,"column":9}},"type":"if","locations":[{"start":{"line":24,"column":8},"end":{"line":26,"column":9}},{"start":{},"end":{}}],"line":24},"1":{"loc":{"start":{"line":44,"column":8},"end":{"line":46,"column":9}},"type":"if","locations":[{"start":{"line":44,"column":8},"end":{"line":46,"column":9}},{"start":{},"end":{}}],"line":44},"2":{"loc":{"start":{"line":60,"column":8},"end":{"line":71,"column":9}},"type":"if","locations":[{"start":{"line":60,"column":8},"end":{"line":71,"column":9}},{"start":{"line":69,"column":15},"end":{"line":71,"column":9}}],"line":60},"3":{"loc":{"start":{"line":69,"column":15},"end":{"line":71,"column":9}},"type":"if","locations":[{"start":{"line":69,"column":15},"end":{"line":71,"column":9}},{"start":{},"end":{}}],"line":69},"4":{"loc":{"start":{"line":82,"column":8},"end":{"line":87,"column":9}},"type":"if","locations":[{"start":{"line":82,"column":8},"end":{"line":87,"column":9}},{"start":{},"end":{}}],"line":82}},"s":{"0":2,"1":2,"2":2,"3":2,"4":2,"5":1,"6":1,"7":1,"8":0,"9":2,"10":2,"11":2,"12":2,"13":2,"14":1,"15":1,"16":1,"17":2,"18":1,"19":1,"20":1,"21":1,"22":0,"23":1,"24":0,"25":2,"26":2,"27":2,"28":2,"29":2,"30":2,"31":2,"32":2,"33":2,"34":2,"35":2,"36":0,"37":0,"38":2,"39":2,"40":2,"41":1,"42":1,"43":1,"44":2,"45":1,"46":1,"47":1,"48":0,"49":2},"f":{"0":1,"1":2,"2":1,"3":2,"4":1},"b":{"0":[1,1],"1":[0,1],"2":[2,0],"3":[0,0],"4":[1,1]},"_coverageSchema":"1a1c01bbd47fc00a2c39e90264f33305004495a9","hash":"00986a2f0b1ce72c2949f4a7cb095eaf577a9fb9"}
}
