TN:
SF:app.js
FN:18,(anonymous_0)
FN:25,(anonymous_1)
FNF:2
FNH:2
FNDA:1,(anonymous_0)
FNDA:5,(anonymous_1)
DA:3,2
DA:5,2
DA:6,2
DA:8,2
DA:10,2
DA:11,2
DA:13,2
DA:14,2
DA:18,2
DA:19,1
DA:20,1
DA:25,2
DA:26,5
DA:28,5
DA:33,2
LF:15
LH:15
BRDA:26,0,0,5
BRDA:26,0,1,0
BRF:2
BRH:1
end_of_record
TN:
SF:db.js
FNF:0
FNH:0
DA:3,2
DA:7,2
DA:8,2
DA:10,0
DA:13,2
DA:17,2
DA:19,2
LF:7
LH:6
BRDA:7,0,0,2
BRDA:7,0,1,0
BRF:2
BRH:1
end_of_record
TN:
SF:expressError.js
FN:8,(anonymous_0)
FNF:1
FNH:1
FNDA:5,(anonymous_0)
DA:9,5
DA:10,5
DA:11,5
DA:12,5
DA:17,2
LF:5
LH:5
BRF:0
BRH:0
end_of_record
TN:
SF:routes/companies.js
FN:7,(anonymous_0)
FN:19,(anonymous_1)
FN:49,(anonymous_2)
FN:75,(anonymous_3)
FN:100,(anonymous_4)
FNF:5
FNH:5
FNDA:1,(anonymous_0)
FNDA:2,(anonymous_1)
FNDA:1,(anonymous_2)
FNDA:2,(anonymous_3)
FNDA:1,(anonymous_4)
DA:1,2
DA:2,2
DA:3,2
DA:4,2
DA:5,2
DA:7,2
DA:8,1
DA:9,1
DA:13,1
DA:15,0
DA:19,2
DA:20,2
DA:21,2
DA:23,2
DA:28,2
DA:29,1
DA:35,1
DA:40,1
DA:41,1
DA:43,1
DA:45,1
DA:49,2
DA:50,1
DA:51,1
DA:52,1
DA:58,1
DA:65,1
DA:66,0
DA:69,1
DA:71,0
DA:75,2
DA:76,2
DA:77,2
DA:78,2
DA:80,2
DA:87,2
DA:88,1
DA:94,1
DA:96,1
DA:100,2
DA:101,1
DA:102,1
DA:106,1
DA:108,0
DA:112,2
LF:45
LH:41
BRDA:28,0,0,1
BRDA:28,0,1,1
BRDA:65,1,0,0
BRDA:65,1,1,1
BRDA:87,2,0,1
BRDA:87,2,1,1
BRF:6
BRH:5
end_of_record
TN:
SF:routes/invoices.js
FN:6,(anonymous_0)
FN:16,(anonymous_1)
FN:34,(anonymous_2)
FN:54,(anonymous_3)
FN:95,(anonymous_4)
FNF:5
FNH:5
FNDA:1,(anonymous_0)
FNDA:2,(anonymous_1)
FNDA:1,(anonymous_2)
FNDA:2,(anonymous_3)
FNDA:1,(anonymous_4)
DA:1,2
DA:2,2
DA:3,2
DA:4,2
DA:6,2
DA:7,1
DA:8,1
DA:10,1
DA:12,0
DA:16,2
DA:17,2
DA:18,2
DA:20,2
DA:24,2
DA:25,1
DA:28,1
DA:30,1
DA:34,2
DA:35,1
DA:36,1
DA:38,1
DA:44,1
DA:45,0
DA:48,1
DA:50,0
DA:54,2
DA:55,2
DA:56,2
DA:57,2
DA:60,2
DA:61,2
DA:63,2
DA:64,2
DA:65,2
DA:67,2
DA:68,2
DA:69,0
DA:70,0
DA:73,2
DA:80,2
DA:82,2
DA:83,1
DA:89,1
DA:91,1
DA:95,2
DA:96,1
DA:97,1
DA:101,1
DA:103,0
DA:107,2
LF:50
LH:44
BRDA:24,0,0,1
BRDA:24,0,1,1
BRDA:44,1,0,0
BRDA:44,1,1,1
BRDA:60,2,0,2
BRDA:60,2,1,0
BRDA:69,3,0,0
BRDA:69,3,1,0
BRDA:82,4,0,1
BRDA:82,4,1,1
BRF:10
BRH:6
end_of_record
